mode: set
github.com/connormakh/pwHashApi/app/utils/hash.go:8.35,13.2 4 1
github.com/connormakh/pwHashApi/app/utils/json.go:8.35,10.16 2 0
github.com/connormakh/pwHashApi/app/utils/json.go:14.2,14.29 1 0
github.com/connormakh/pwHashApi/app/utils/json.go:10.16,12.15 2 0
github.com/connormakh/pwHashApi/app/utils/requestHandler.go:7.71,8.66 1 0
github.com/connormakh/pwHashApi/app/utils/requestHandler.go:15.2,15.53 1 0
github.com/connormakh/pwHashApi/app/utils/requestHandler.go:8.66,9.25 1 0
github.com/connormakh/pwHashApi/app/utils/requestHandler.go:13.3,13.26 1 0
github.com/connormakh/pwHashApi/app/utils/requestHandler.go:9.25,12.4 2 0
github.com/connormakh/pwHashApi/app/utils/requestHandler.go:18.45,20.2 1 0
github.com/connormakh/pwHashApi/app/utils/requestHandler.go:22.46,24.2 1 0
github.com/connormakh/pwHashApi/app/utils/storage.go:15.39,21.2 1 0
github.com/connormakh/pwHashApi/app/utils/storage.go:22.38,25.2 2 1
github.com/connormakh/pwHashApi/app/utils/storage.go:27.62,29.20 2 1
github.com/connormakh/pwHashApi/app/utils/storage.go:32.2,33.16 2 1
github.com/connormakh/pwHashApi/app/utils/storage.go:29.20,31.3 1 1
github.com/connormakh/pwHashApi/app/utils/storage.go:36.59,37.22 1 1
github.com/connormakh/pwHashApi/app/utils/storage.go:40.2,42.26 3 1
github.com/connormakh/pwHashApi/app/utils/storage.go:37.22,39.3 1 1
github.com/connormakh/pwHashApi/app/utils/storage.go:45.50,46.22 1 1
github.com/connormakh/pwHashApi/app/utils/storage.go:49.2,49.10 1 0
github.com/connormakh/pwHashApi/app/utils/storage.go:46.22,48.3 1 1
github.com/connormakh/pwHashApi/app/utils/storage.go:52.37,54.2 1 0
github.com/connormakh/pwHashApi/app/utils/storage.go:56.45,58.2 1 1
github.com/connormakh/pwHashApi/app/handler/hash.go:19.81,22.16 3 1
github.com/connormakh/pwHashApi/app/handler/hash.go:25.2,30.12 5 1
github.com/connormakh/pwHashApi/app/handler/hash.go:22.16,24.3 1 0
github.com/connormakh/pwHashApi/app/handler/hash.go:30.12,36.3 5 1
github.com/connormakh/pwHashApi/app/handler/hash.go:40.80,44.16 3 1
github.com/connormakh/pwHashApi/app/handler/hash.go:49.2,50.18 2 1
github.com/connormakh/pwHashApi/app/handler/hash.go:55.2,58.43 2 1
github.com/connormakh/pwHashApi/app/handler/hash.go:44.16,48.3 3 1
github.com/connormakh/pwHashApi/app/handler/hash.go:50.18,54.3 3 1
github.com/connormakh/pwHashApi/app/handler/misc.go:12.85,14.2 1 0
github.com/connormakh/pwHashApi/app/handler/stats.go:15.82,23.16 4 1
github.com/connormakh/pwHashApi/app/handler/stats.go:27.2,27.37 1 1
github.com/connormakh/pwHashApi/app/handler/stats.go:23.16,26.3 2 0
github.com/connormakh/pwHashApi/app/launcher/app.go:22.65,34.12 6 1
github.com/connormakh/pwHashApi/app/launcher/app.go:40.2,40.39 1 1
github.com/connormakh/pwHashApi/app/launcher/app.go:44.2,44.12 1 0
github.com/connormakh/pwHashApi/app/launcher/app.go:34.12,38.3 3 1
github.com/connormakh/pwHashApi/app/launcher/app.go:40.39,42.3 1 0
github.com/connormakh/pwHashApi/app/launcher/app.go:47.65,54.12 2 1
github.com/connormakh/pwHashApi/app/launcher/app.go:60.2,68.15 6 1
github.com/connormakh/pwHashApi/app/launcher/app.go:72.2,72.49 1 1
github.com/connormakh/pwHashApi/app/launcher/app.go:76.2,78.33 2 0
github.com/connormakh/pwHashApi/app/launcher/app.go:82.2,82.8 1 0
github.com/connormakh/pwHashApi/app/launcher/app.go:54.12,55.76 1 1
github.com/connormakh/pwHashApi/app/launcher/app.go:55.76,57.4 1 0
github.com/connormakh/pwHashApi/app/launcher/app.go:68.15,70.3 1 0
github.com/connormakh/pwHashApi/app/launcher/app.go:72.49,74.3 1 0
github.com/connormakh/pwHashApi/app/launcher/app.go:78.33,80.3 1 0
